Start testing: Dec 19 05:18 +03
----------------------------------------------------------
1/2 Testing: test_shm
1/2 Test: test_shm
Command: "/home/x/Desktop/VenomMemory/build/test_shm"
Directory: /home/x/Desktop/VenomMemory/build
"test_shm" start time: Dec 19 05:18 +03
Output:
----------------------------------------------------------
=== VenomMemory Shared Memory Tests ===

Testing: shm_create and shm_close... PASSED
Testing: shm_open existing... PASSED
Testing: shm_unlink... PASSED
Testing: large shared memory (1MB)... PASSED

=== Results: 0 failures ===
<end of output>
Test time =   0.00 sec
----------------------------------------------------------
Test Passed.
"test_shm" end time: Dec 19 05:18 +03
"test_shm" time elapsed: 00:00:00
----------------------------------------------------------

2/2 Testing: test_channel
2/2 Test: test_channel
Command: "/home/x/Desktop/VenomMemory/build/test_channel"
Directory: /home/x/Desktop/VenomMemory/build
"test_channel" start time: Dec 19 05:18 +03
Output:
----------------------------------------------------------
=== VenomMemory Channel Tests ===

Testing: channel_create with default config... PASSED
Testing: channel with custom buffer sizes... PASSED
Testing: channel connect from shell... PASSED
Testing: channel request/response... PASSED

=== Results: 0 failures ===
<end of output>
Test time =   0.01 sec
----------------------------------------------------------
Test Passed.
"test_channel" end time: Dec 19 05:18 +03
"test_channel" time elapsed: 00:00:00
----------------------------------------------------------

End testing: Dec 19 05:18 +03
